  [1m[36m (1.4ms)[0m  [1mCREATE TABLE "schema_migrations" ("version" varchar NOT NULL) [0m
  [1m[35m (0.1ms)[0m  select sqlite_version(*)
  [1m[36m (1.1ms)[0m  [1mCREATE UNIQUE INDEX "unique_schema_migrations" ON "schema_migrations" ("version")[0m
  [1m[35mActiveRecord::SchemaMigration Load (0.1ms)[0m  SELECT "schema_migrations".* FROM "schema_migrations"


Started GET "/" for ::1 at 2015-11-16 16:12:00 -0600
Processing by Rails::WelcomeController#index as HTML
  Rendered /Users/admin/.rvm/gems/ruby-2.1.2/gems/railties-4.2.3/lib/rails/templates/rails/welcome/index.html.erb (1.9ms)
Completed 200 OK in 48ms (Views: 36.7ms | ActiveRecord: 0.0ms)


Started GET "/" for ::1 at 2018-03-19 11:04:07 -0400
Processing by Rails::WelcomeController#index as HTML
  Rendered /Users/Gray/.rvm/gems/ruby-2.3.3/gems/railties-4.2.10/lib/rails/templates/rails/welcome/index.html.erb (1.1ms)
Completed 200 OK in 13ms (Views: 7.1ms | ActiveRecord: 0.0ms)


Started GET "/hello_world" for ::1 at 2018-03-19 11:28:14 -0400
Processing by StaticController#hello_world as HTML
Completed 500 Internal Server Error in 13ms (ActiveRecord: 0.0ms)

ActionView::MissingTemplate (Missing template static/hello_world, application/hello_world with {:locale=>[:en], :formats=>[:html], :variants=>[], :handlers=>[:erb, :builder, :raw, :ruby, :coffee, :jbuilder]}. Searched in:
  * "/Users/Gray/Development/code/rails-hello-world-lab-web-022018/app/views"
):
  app/controllers/static_controller.rb:3:in `hello_world'


  Rendered /Users/Gray/.rvm/gems/ruby-2.3.3/gems/actionpack-4.2.10/lib/action_dispatch/middleware/templates/rescues/_source.erb (4.1ms)
  Rendered /Users/Gray/.rvm/gems/ruby-2.3.3/gems/actionpack-4.2.10/lib/action_dispatch/middleware/templates/rescues/_trace.html.erb (1.6ms)
  Rendered /Users/Gray/.rvm/gems/ruby-2.3.3/gems/actionpack-4.2.10/lib/action_dispatch/middleware/templates/rescues/_request_and_response.html.erb (0.6ms)
  Rendered /Users/Gray/.rvm/gems/ruby-2.3.3/gems/actionpack-4.2.10/lib/action_dispatch/middleware/templates/rescues/missing_template.html.erb within rescues/layout (55.3ms)
